<?xml version="1.0" encoding="UTF-8"?>
<testng-results skipped="0" failed="0" ignored="0" total="2" passed="2">
  <reporter-output>
  </reporter-output>
  <suite name="Default suite" duration-ms="10954" started-at="2021-06-24T13:51:14 IST" finished-at="2021-06-24T13:51:25 IST">
    <groups>
    </groups>
    <test name="Default test" duration-ms="10954" started-at="2021-06-24T13:51:14 IST" finished-at="2021-06-24T13:51:25 IST">
      <class name="Test.TestAPI">
        <test-method status="PASS" signature="setup()[pri:0, instance:Test.TestAPI@1ed828d]" name="setup" is-config="true" duration-ms="6748" started-at="2021-06-24T13:51:14 IST" finished-at="2021-06-24T13:51:21 IST">
          <reporter-output>
          </reporter-output>
        </test-method> <!-- setup -->
        <test-method status="PASS" signature="getalluser()[pri:0, instance:Test.TestAPI@1ed828d]" name="getalluser" duration-ms="2590" started-at="2021-06-24T13:51:21 IST" finished-at="2021-06-24T13:51:23 IST">
          <reporter-output>
          </reporter-output>
        </test-method> <!-- getalluser -->
        <test-method status="PASS" signature="deleteuser()[pri:0, instance:Test.TestAPI@1ed828d]" name="deleteuser" duration-ms="1584" started-at="2021-06-24T13:51:23 IST" depends-on-methods="Test.TestAPI.getalluser" finished-at="2021-06-24T13:51:25 IST">
          <reporter-output>
          </reporter-output>
        </test-method> <!-- deleteuser -->
      </class> <!-- Test.TestAPI -->
    </test> <!-- Default test -->
  </suite> <!-- Default suite -->
</testng-results>
